sdumont1243
sdumont1243
	linux-vdso.so.1 =>  (0x00007ffea0e6d000)
	libmpifort.so.12 => /opt/intel/parallel_studio_xe_2020/compilers_and_libraries_2020.2.254/linux/mpi/intel64/lib/libmpifort.so.12 (0x00002b6eec83a000)
	libmpi.so.12 => /opt/intel/parallel_studio_xe_2020/compilers_and_libraries_2020.2.254/linux/mpi/intel64/lib/release/libmpi.so.12 (0x00002b6eecbf9000)
	libdl.so.2 => /usr/lib64/libdl.so.2 (0x00002b6eede15000)
	librt.so.1 => /usr/lib64/librt.so.1 (0x00002b6eee019000)
	libpthread.so.0 => /usr/lib64/libpthread.so.0 (0x00002b6eee221000)
	libm.so.6 => /usr/lib64/libm.so.6 (0x00002b6eee43d000)
	libgcc_s.so.1 => /usr/lib64/libgcc_s.so.1 (0x00002b6eee73f000)
	libc.so.6 => /usr/lib64/libc.so.6 (0x00002b6eee955000)
	libfabric.so.1 => /opt/intel/parallel_studio_xe_2020/compilers_and_libraries_2020.2.254/linux/mpi/intel64/libfabric/lib/libfabric.so.1 (0x00002b6eeed22000)
	/lib64/ld-linux-x86-64.so.2 (0x00002b6eec616000)
Process 14 of 16 on sdumont1243 (hostname sdumont1243) 
Process 15 of 16 on sdumont1243 (hostname sdumont1243) 
Process 5 of 16 on sdumont1243 (hostname sdumont1243) 
Process 9 of 16 on sdumont1243 (hostname sdumont1243) 
Process 8 of 16 on sdumont1243 (hostname sdumont1243) 
Process 10 of 16 on sdumont1243 (hostname sdumont1243) 
Process 3 of 16 on sdumont1243 (hostname sdumont1243) 
Process 6 of 16 on sdumont1243 (hostname sdumont1243) 
Process 12 of 16 on sdumont1243 (hostname sdumont1243) 
Process 13 of 16 on sdumont1243 (hostname sdumont1243) 
Process 7 of 16 on sdumont1243 (hostname sdumont1243) 
Process 2 of 16 on sdumont1243 (hostname sdumont1243) 
Process 11 of 16 on sdumont1243 (hostname sdumont1243) 
Process 4 of 16 on sdumont1243 (hostname sdumont1243) 
Process 1 of 16 on sdumont1243 (hostname sdumont1243) 
Process 0 of 16 on sdumont1243 (hostname sdumont1243) 
