sdumont1243
sdumont1243
	linux-vdso.so.1 =>  (0x00007ffd481bc000)
	libmpifort.so.12 => /opt/intel/parallel_studio_xe_2020/compilers_and_libraries_2020.2.254/linux/mpi/intel64/lib/libmpifort.so.12 (0x00002ae9fc3f0000)
	libmpi.so.12 => /opt/intel/parallel_studio_xe_2020/compilers_and_libraries_2020.2.254/linux/mpi/intel64/lib/release/libmpi.so.12 (0x00002ae9fc7af000)
	libdl.so.2 => /usr/lib64/libdl.so.2 (0x00002ae9fd9cb000)
	librt.so.1 => /usr/lib64/librt.so.1 (0x00002ae9fdbcf000)
	libpthread.so.0 => /usr/lib64/libpthread.so.0 (0x00002ae9fddd7000)
	libm.so.6 => /usr/lib64/libm.so.6 (0x00002ae9fdff3000)
	libiomp5.so => /opt/intel/parallel_studio_xe_2020/compilers_and_libraries_2020.2.254/linux/compiler/lib/intel64_lin/libiomp5.so (0x00002ae9fe2f5000)
	libgcc_s.so.1 => /usr/lib64/libgcc_s.so.1 (0x00002ae9fe6fb000)
	libc.so.6 => /usr/lib64/libc.so.6 (0x00002ae9fe911000)
	libfabric.so.1 => /opt/intel/parallel_studio_xe_2020/compilers_and_libraries_2020.2.254/linux/mpi/intel64/libfabric/lib/libfabric.so.1 (0x00002ae9fecde000)
	/lib64/ld-linux-x86-64.so.2 (0x00002ae9fc1cc000)
8
-------------------------------------------------------------
STREAM version $Revision: 5.10 $
-------------------------------------------------------------
This system uses 8 bytes per array element.
-------------------------------------------------------------
Array size = 10000000 (elements), Offset = 0 (elements)
Memory per array = 76.3 MiB (= 0.1 GiB).
Total memory required = 228.9 MiB (= 0.2 GiB).
Each kernel will be executed 10 times.
 The *best* time for each kernel (excluding the first iteration)
 will be used to compute the reported bandwidth.
-------------------------------------------------------------
Number of Threads requested = 8
Number of Threads counted = 8
-------------------------------------------------------------
Your clock granularity/precision appears to be 1 microseconds.
Each test below will take on the order of 2910 microseconds.
   (= 2910 clock ticks)
Increase the size of the arrays if this shows that
you are not getting at least 20 clock ticks per test.
-------------------------------------------------------------
WARNING -- The above is only a rough guideline.
For best results, please be sure you know the
precision of your system timer.
-------------------------------------------------------------
Function    Best Rate MB/s  Avg time     Min time     Max time
Copy:           37357.4     0.004302     0.004283     0.004328
Scale:          37807.8     0.004258     0.004232     0.004301
Add:            45619.2     0.005287     0.005261     0.005319
Triad:          46224.6     0.005221     0.005192     0.005255
-------------------------------------------------------------
Solution Validates: avg error less than 1.000000e-13 on all three arrays
-------------------------------------------------------------
