sdumont1243
sdumont1243
	linux-vdso.so.1 =>  (0x00007ffefbfcf000)
	libmpifort.so.12 => /opt/intel/parallel_studio_xe_2020/compilers_and_libraries_2020.2.254/linux/mpi/intel64/lib/libmpifort.so.12 (0x00002b76cd0c1000)
	libmpi.so.12 => /opt/intel/parallel_studio_xe_2020/compilers_and_libraries_2020.2.254/linux/mpi/intel64/lib/release/libmpi.so.12 (0x00002b76cd480000)
	libdl.so.2 => /usr/lib64/libdl.so.2 (0x00002b76ce69c000)
	librt.so.1 => /usr/lib64/librt.so.1 (0x00002b76ce8a0000)
	libpthread.so.0 => /usr/lib64/libpthread.so.0 (0x00002b76ceaa8000)
	libm.so.6 => /usr/lib64/libm.so.6 (0x00002b76cecc4000)
	libiomp5.so => /opt/intel/parallel_studio_xe_2020/compilers_and_libraries_2020.2.254/linux/compiler/lib/intel64_lin/libiomp5.so (0x00002b76cefc6000)
	libgcc_s.so.1 => /usr/lib64/libgcc_s.so.1 (0x00002b76cf3cc000)
	libc.so.6 => /usr/lib64/libc.so.6 (0x00002b76cf5e2000)
	libfabric.so.1 => /opt/intel/parallel_studio_xe_2020/compilers_and_libraries_2020.2.254/linux/mpi/intel64/libfabric/lib/libfabric.so.1 (0x00002b76cf9af000)
	/lib64/ld-linux-x86-64.so.2 (0x00002b76cce9d000)
24
-------------------------------------------------------------
STREAM version $Revision: 5.10 $
-------------------------------------------------------------
This system uses 8 bytes per array element.
-------------------------------------------------------------
Array size = 10000000 (elements), Offset = 0 (elements)
Memory per array = 76.3 MiB (= 0.1 GiB).
Total memory required = 228.9 MiB (= 0.2 GiB).
Each kernel will be executed 10 times.
 The *best* time for each kernel (excluding the first iteration)
 will be used to compute the reported bandwidth.
-------------------------------------------------------------
Number of Threads requested = 24
Number of Threads counted = 24
-------------------------------------------------------------
Your clock granularity/precision appears to be 1 microseconds.
Each test below will take on the order of 1012 microseconds.
   (= 1012 clock ticks)
Increase the size of the arrays if this shows that
you are not getting at least 20 clock ticks per test.
-------------------------------------------------------------
WARNING -- The above is only a rough guideline.
For best results, please be sure you know the
precision of your system timer.
-------------------------------------------------------------
Function    Best Rate MB/s  Avg time     Min time     Max time
Copy:           70730.3     0.002321     0.002262     0.002371
Scale:          71812.6     0.002257     0.002228     0.002294
Add:            81634.3     0.002975     0.002940     0.002994
Triad:          80971.1     0.003005     0.002964     0.003084
-------------------------------------------------------------
Solution Validates: avg error less than 1.000000e-13 on all three arrays
-------------------------------------------------------------
