sdumont1243
sdumont1243
	linux-vdso.so.1 =>  (0x00007ffd92cec000)
	libmpifort.so.12 => /opt/intel/parallel_studio_xe_2020/compilers_and_libraries_2020.2.254/linux/mpi/intel64/lib/libmpifort.so.12 (0x00002b76a1077000)
	libmpi.so.12 => /opt/intel/parallel_studio_xe_2020/compilers_and_libraries_2020.2.254/linux/mpi/intel64/lib/release/libmpi.so.12 (0x00002b76a1436000)
	libdl.so.2 => /usr/lib64/libdl.so.2 (0x00002b76a2652000)
	librt.so.1 => /usr/lib64/librt.so.1 (0x00002b76a2856000)
	libpthread.so.0 => /usr/lib64/libpthread.so.0 (0x00002b76a2a5e000)
	libm.so.6 => /usr/lib64/libm.so.6 (0x00002b76a2c7a000)
	libiomp5.so => /opt/intel/parallel_studio_xe_2020/compilers_and_libraries_2020.2.254/linux/compiler/lib/intel64_lin/libiomp5.so (0x00002b76a2f7c000)
	libgcc_s.so.1 => /usr/lib64/libgcc_s.so.1 (0x00002b76a3382000)
	libc.so.6 => /usr/lib64/libc.so.6 (0x00002b76a3598000)
	libfabric.so.1 => /opt/intel/parallel_studio_xe_2020/compilers_and_libraries_2020.2.254/linux/mpi/intel64/libfabric/lib/libfabric.so.1 (0x00002b76a3965000)
	/lib64/ld-linux-x86-64.so.2 (0x00002b76a0e53000)
2
-------------------------------------------------------------
STREAM version $Revision: 5.10 $
-------------------------------------------------------------
This system uses 8 bytes per array element.
-------------------------------------------------------------
Array size = 10000000 (elements), Offset = 0 (elements)
Memory per array = 76.3 MiB (= 0.1 GiB).
Total memory required = 228.9 MiB (= 0.2 GiB).
Each kernel will be executed 10 times.
 The *best* time for each kernel (excluding the first iteration)
 will be used to compute the reported bandwidth.
-------------------------------------------------------------
Number of Threads requested = 2
Number of Threads counted = 2
-------------------------------------------------------------
Your clock granularity/precision appears to be 1 microseconds.
Each test below will take on the order of 5368 microseconds.
   (= 5368 clock ticks)
Increase the size of the arrays if this shows that
you are not getting at least 20 clock ticks per test.
-------------------------------------------------------------
WARNING -- The above is only a rough guideline.
For best results, please be sure you know the
precision of your system timer.
-------------------------------------------------------------
Function    Best Rate MB/s  Avg time     Min time     Max time
Copy:           10718.2     0.014968     0.014928     0.015061
Scale:          10762.0     0.014885     0.014867     0.014907
Add:            14273.8     0.016833     0.016814     0.016869
Triad:          14431.8     0.016684     0.016630     0.016718
-------------------------------------------------------------
Solution Validates: avg error less than 1.000000e-13 on all three arrays
-------------------------------------------------------------
