sdumont1253
sdumont1253
	linux-vdso.so.1 =>  (0x00007fffd66b7000)
	libmpifort.so.12 => /opt/intel/parallel_studio_xe_2020/compilers_and_libraries_2020.2.254/linux/mpi/intel64/lib/libmpifort.so.12 (0x00002b9910e63000)
	libmpi.so.12 => /opt/intel/parallel_studio_xe_2020/compilers_and_libraries_2020.2.254/linux/mpi/intel64/lib/release/libmpi.so.12 (0x00002b9911222000)
	libdl.so.2 => /usr/lib64/libdl.so.2 (0x00002b991243e000)
	librt.so.1 => /usr/lib64/librt.so.1 (0x00002b9912642000)
	libpthread.so.0 => /usr/lib64/libpthread.so.0 (0x00002b991284a000)
	libm.so.6 => /usr/lib64/libm.so.6 (0x00002b9912a66000)
	libiomp5.so => /opt/intel/parallel_studio_xe_2020/compilers_and_libraries_2020.2.254/linux/compiler/lib/intel64_lin/libiomp5.so (0x00002b9912d68000)
	libgcc_s.so.1 => /usr/lib64/libgcc_s.so.1 (0x00002b991316e000)
	libc.so.6 => /usr/lib64/libc.so.6 (0x00002b9913384000)
	libfabric.so.1 => /opt/intel/parallel_studio_xe_2020/compilers_and_libraries_2020.2.254/linux/mpi/intel64/libfabric/lib/libfabric.so.1 (0x00002b9913751000)
	/lib64/ld-linux-x86-64.so.2 (0x00002b9910c3f000)
20
-------------------------------------------------------------
STREAM version $Revision: 5.10 $
-------------------------------------------------------------
This system uses 8 bytes per array element.
-------------------------------------------------------------
Array size = 10000000 (elements), Offset = 0 (elements)
Memory per array = 76.3 MiB (= 0.1 GiB).
Total memory required = 228.9 MiB (= 0.2 GiB).
Each kernel will be executed 10 times.
 The *best* time for each kernel (excluding the first iteration)
 will be used to compute the reported bandwidth.
-------------------------------------------------------------
Number of Threads requested = 20
Number of Threads counted = 20
-------------------------------------------------------------
Your clock granularity/precision appears to be 1 microseconds.
Each test below will take on the order of 1642 microseconds.
   (= 1642 clock ticks)
Increase the size of the arrays if this shows that
you are not getting at least 20 clock ticks per test.
-------------------------------------------------------------
WARNING -- The above is only a rough guideline.
For best results, please be sure you know the
precision of your system timer.
-------------------------------------------------------------
Function    Best Rate MB/s  Avg time     Min time     Max time
Copy:           43315.6     0.003825     0.003694     0.003906
Scale:          41656.7     0.003992     0.003841     0.004199
Add:            55480.2     0.004646     0.004326     0.004839
Triad:          54027.1     0.004715     0.004442     0.004905
-------------------------------------------------------------
Solution Validates: avg error less than 1.000000e-13 on all three arrays
-------------------------------------------------------------
