sdumont1243
sdumont1243
	linux-vdso.so.1 =>  (0x00007ffe5e8da000)
	libmpifort.so.12 => /opt/intel/parallel_studio_xe_2020/compilers_and_libraries_2020.2.254/linux/mpi/intel64/lib/libmpifort.so.12 (0x00002b36115d3000)
	libmpi.so.12 => /opt/intel/parallel_studio_xe_2020/compilers_and_libraries_2020.2.254/linux/mpi/intel64/lib/release/libmpi.so.12 (0x00002b3611992000)
	libdl.so.2 => /usr/lib64/libdl.so.2 (0x00002b3612bae000)
	librt.so.1 => /usr/lib64/librt.so.1 (0x00002b3612db2000)
	libpthread.so.0 => /usr/lib64/libpthread.so.0 (0x00002b3612fba000)
	libm.so.6 => /usr/lib64/libm.so.6 (0x00002b36131d6000)
	libiomp5.so => /opt/intel/parallel_studio_xe_2020/compilers_and_libraries_2020.2.254/linux/compiler/lib/intel64_lin/libiomp5.so (0x00002b36134d8000)
	libgcc_s.so.1 => /usr/lib64/libgcc_s.so.1 (0x00002b36138de000)
	libc.so.6 => /usr/lib64/libc.so.6 (0x00002b3613af4000)
	libfabric.so.1 => /opt/intel/parallel_studio_xe_2020/compilers_and_libraries_2020.2.254/linux/mpi/intel64/libfabric/lib/libfabric.so.1 (0x00002b3613ec1000)
	/lib64/ld-linux-x86-64.so.2 (0x00002b36113af000)
1
-------------------------------------------------------------
STREAM version $Revision: 5.10 $
-------------------------------------------------------------
This system uses 8 bytes per array element.
-------------------------------------------------------------
Array size = 10000000 (elements), Offset = 0 (elements)
Memory per array = 76.3 MiB (= 0.1 GiB).
Total memory required = 228.9 MiB (= 0.2 GiB).
Each kernel will be executed 10 times.
 The *best* time for each kernel (excluding the first iteration)
 will be used to compute the reported bandwidth.
-------------------------------------------------------------
Number of Threads requested = 1
Number of Threads counted = 1
-------------------------------------------------------------
Your clock granularity/precision appears to be 1 microseconds.
Each test below will take on the order of 10326 microseconds.
   (= 10326 clock ticks)
Increase the size of the arrays if this shows that
you are not getting at least 20 clock ticks per test.
-------------------------------------------------------------
WARNING -- The above is only a rough guideline.
For best results, please be sure you know the
precision of your system timer.
-------------------------------------------------------------
Function    Best Rate MB/s  Avg time     Min time     Max time
Copy:            5434.4     0.029462     0.029442     0.029484
Scale:           5471.4     0.029264     0.029243     0.029298
Add:             7296.8     0.032915     0.032891     0.032954
Triad:           7396.4     0.032480     0.032448     0.032513
-------------------------------------------------------------
Solution Validates: avg error less than 1.000000e-13 on all three arrays
-------------------------------------------------------------
